<?xml version="1.0" encoding="UTF-8"?>
<testsuite xmlns:xsi="http://www.w3.org/2001/XMLSchema-instance" xsi:noNamespaceSchemaLocation="https://maven.apache.org/surefire/maven-surefire-plugin/xsd/surefire-test-report.xsd" name="pwo.AppTest" time="0.034" tests="1" errors="0" skipped="0" failures="0">
  <properties>
    <property name="java.specification.version" value="18"/>
    <property name="sun.jnu.encoding" value="UTF-8"/>
    <property name="java.class.path" value="/home/pawelp/Dokumenty/Studia/S7/Praktyka wytwarzania oprogramowania/lab07/target/test-classes:/home/pawelp/Dokumenty/Studia/S7/Praktyka wytwarzania oprogramowania/lab07/target/classes:/home/pawelp/.m2/repository/junit/junit/4.11/junit-4.11.jar:/home/pawelp/.m2/repository/org/hamcrest/hamcrest-core/1.3/hamcrest-core-1.3.jar:/home/pawelp/.m2/repository/org/apache/pdfbox/pdfbox/2.0.1/pdfbox-2.0.1.jar:/home/pawelp/.m2/repository/org/apache/pdfbox/fontbox/2.0.1/fontbox-2.0.1.jar:/home/pawelp/.m2/repository/commons-logging/commons-logging/1.2/commons-logging-1.2.jar:"/>
    <property name="java.vm.vendor" value="Private Build"/>
    <property name="sun.arch.data.model" value="64"/>
    <property name="java.vendor.url" value="Unknown"/>
    <property name="os.name" value="Linux"/>
    <property name="java.vm.specification.version" value="18"/>
    <property name="sun.java.launcher" value="SUN_STANDARD"/>
    <property name="user.country" value="PL"/>
    <property name="sun.boot.library.path" value="/usr/lib/jvm/java-18-openjdk-amd64/lib"/>
    <property name="sun.java.command" value="/home/pawelp/Dokumenty/Studia/S7/Praktyka wytwarzania oprogramowania/lab07/target/surefire/surefirebooter17369520024458605741.jar /home/pawelp/Dokumenty/Studia/S7/Praktyka wytwarzania oprogramowania/lab07/target/surefire 2022-11-09T18-23-16_299-jvmRun1 surefire4890331260504148631tmp surefire_011966887398398020940tmp"/>
    <property name="jdk.debug" value="release"/>
    <property name="surefire.test.class.path" value="/home/pawelp/Dokumenty/Studia/S7/Praktyka wytwarzania oprogramowania/lab07/target/test-classes:/home/pawelp/Dokumenty/Studia/S7/Praktyka wytwarzania oprogramowania/lab07/target/classes:/home/pawelp/.m2/repository/junit/junit/4.11/junit-4.11.jar:/home/pawelp/.m2/repository/org/hamcrest/hamcrest-core/1.3/hamcrest-core-1.3.jar:/home/pawelp/.m2/repository/org/apache/pdfbox/pdfbox/2.0.1/pdfbox-2.0.1.jar:/home/pawelp/.m2/repository/org/apache/pdfbox/fontbox/2.0.1/fontbox-2.0.1.jar:/home/pawelp/.m2/repository/commons-logging/commons-logging/1.2/commons-logging-1.2.jar:"/>
    <property name="sun.cpu.endian" value="little"/>
    <property name="user.home" value="/home/pawelp"/>
    <property name="user.language" value="pl"/>
    <property name="java.specification.vendor" value="Oracle Corporation"/>
    <property name="java.version.date" value="2022-07-19"/>
    <property name="java.home" value="/usr/lib/jvm/java-18-openjdk-amd64"/>
    <property name="file.separator" value="/"/>
    <property name="basedir" value="/home/pawelp/Dokumenty/Studia/S7/Praktyka wytwarzania oprogramowania/lab07"/>
    <property name="java.vm.compressedOopsMode" value="Zero based"/>
    <property name="line.separator" value="&#10;"/>
    <property name="java.vm.specification.vendor" value="Oracle Corporation"/>
    <property name="java.specification.name" value="Java Platform API Specification"/>
    <property name="surefire.real.class.path" value="/home/pawelp/Dokumenty/Studia/S7/Praktyka wytwarzania oprogramowania/lab07/target/surefire/surefirebooter17369520024458605741.jar"/>
    <property name="sun.management.compiler" value="HotSpot 64-Bit Tiered Compilers"/>
    <property name="java.runtime.version" value="18.0.2-ea+9-Ubuntu-222.04"/>
    <property name="user.name" value="pawelp"/>
    <property name="path.separator" value=":"/>
    <property name="os.version" value="5.15.0-52-generic"/>
    <property name="java.runtime.name" value="OpenJDK Runtime Environment"/>
    <property name="file.encoding" value="UTF-8"/>
    <property name="java.vm.name" value="OpenJDK 64-Bit Server VM"/>
    <property name="localRepository" value="/home/pawelp/.m2/repository"/>
    <property name="java.vendor.url.bug" value="Unknown"/>
    <property name="java.io.tmpdir" value="/tmp"/>
    <property name="java.version" value="18.0.2-ea"/>
    <property name="user.dir" value="/home/pawelp/Dokumenty/Studia/S7/Praktyka wytwarzania oprogramowania/lab07"/>
    <property name="os.arch" value="amd64"/>
    <property name="java.vm.specification.name" value="Java Virtual Machine Specification"/>
    <property name="native.encoding" value="UTF-8"/>
    <property name="java.library.path" value="/usr/java/packages/lib:/usr/lib/x86_64-linux-gnu/jni:/lib/x86_64-linux-gnu:/usr/lib/x86_64-linux-gnu:/usr/lib/jni:/lib:/usr/lib"/>
    <property name="java.vm.info" value="mixed mode, sharing"/>
    <property name="java.vendor" value="Private Build"/>
    <property name="java.vm.version" value="18.0.2-ea+9-Ubuntu-222.04"/>
    <property name="sun.io.unicode.encoding" value="UnicodeLittle"/>
    <property name="java.class.version" value="62.0"/>
  </properties>
  <testcase name="shouldAnswerWithTrue" classname="pwo.AppTest" time="0.004"/>
</testsuite>